<?xml version="1.0" encoding="UTF-8"?>
<!-- Generated by org.testng.reporters.JUnitXMLReporter -->
<testsuite hostname="qapitol-ThinkPad-L480" ignored="0" name="Default test" tests="2" failures="0" timestamp="01 Mar 2019 06:14:22 GMT" time="1.759" errors="0">
  <testcase name="testBody" time="1.701" classname="projectemployee.springprojectemployee.GetDataTest"/>
  <testcase name="testResponsecode" time="0.031" classname="projectemployee.springprojectemployee.GetDataTest"/>
</testsuite> <!-- Default test -->
